\BOOKMARK [0][-]{chapter.1}{\376\377\0001\000\040\000S\000L\000I\000M\000\040\000D\000o\000c\000u\000m\000e\000n\000t\000a\000t\000i\000o\000n}{}% 1
\BOOKMARK [1][-]{section.1.1}{\376\377\0001\000.\0001\000\040\000D\000o\000w\000n\000l\000o\000a\000d\000i\000n\000g\000\040\000S\000L\000I\000M}{chapter.1}% 2
\BOOKMARK [1][-]{section.1.2}{\376\377\0001\000.\0002\000\040\000B\000u\000i\000l\000d\000i\000n\000g\000\040\000s\000t\000a\000n\000d\000a\000l\000o\000n\000e\000\040\000S\000L\000I\000M\000\040\000b\000i\000n\000a\000r\000y\000\040\000a\000n\000d\000\040\000s\000h\000a\000r\000e\000d\000\040\000l\000i\000b\000r\000a\000r\000y}{chapter.1}% 3
\BOOKMARK [2][-]{subsection.1.2.1}{\376\377\0001\000.\0002\000.\0001\000\040\000D\000e\000p\000e\000n\000d\000e\000n\000c\000i\000e\000s}{section.1.2}% 4
\BOOKMARK [2][-]{subsection.1.2.2}{\376\377\0001\000.\0002\000.\0002\000\040\000B\000u\000i\000l\000d\000i\000n\000g\000\040\000a\000n\000d\000\040\000i\000n\000s\000t\000a\000l\000l\000i\000n\000g\000\040\000S\000L\000I\000M}{section.1.2}% 5
\BOOKMARK [3][-]{subsubsection.1.2.2.1}{\376\377\0001\000.\0002\000.\0002\000.\0001\000\040\000B\000u\000i\000l\000d\000i\000n\000g\000\040\000S\000L\000I\000M\000\040\000w\000i\000t\000h\000\040\000I\000n\000t\000e\000l\000\047\000s\000\040\000M\000K\000L\000\040\000s\000u\000p\000p\000o\000r\000t\000\040\000\050\000o\000p\000t\000i\000o\000n\000a\000l\000\051}{subsection.1.2.2}% 6
\BOOKMARK [1][-]{section.1.3}{\376\377\0001\000.\0003\000\040\000P\000y\000t\000h\000o\000n\000\040\000P\000a\000c\000k\000a\000g\000e\000\040\000i\000n\000s\000t\000a\000l\000l\000a\000t\000i\000o\000n}{chapter.1}% 7
\BOOKMARK [1][-]{section.1.4}{\376\377\0001\000.\0004\000\040\000G\000e\000t\000t\000i\000n\000g\000\040\000S\000t\000a\000r\000t\000e\000d}{chapter.1}% 8
\BOOKMARK [2][-]{subsection.1.4.1}{\376\377\0001\000.\0004\000.\0001\000\040\000P\000y\000t\000h\000o\000n}{section.1.4}% 9
\BOOKMARK [2][-]{subsection.1.4.2}{\376\377\0001\000.\0004\000.\0002\000\040\000S\000t\000a\000n\000d\000a\000l\000o\000n\000e}{section.1.4}% 10
\BOOKMARK [1][-]{section.1.5}{\376\377\0001\000.\0005\000\040\000S\000L\000I\000M\000\040\000p\000a\000r\000a\000m\000e\000t\000e\000r\000s}{chapter.1}% 11
\BOOKMARK [1][-]{section.1.6}{\376\377\0001\000.\0006\000\040\000C\000i\000t\000i\000n\000g}{chapter.1}% 12
\BOOKMARK [1][-]{section.1.7}{\376\377\0001\000.\0007\000\040\000C\000r\000e\000d\000i\000t\000s\000\040\000\046\000\040\000C\000o\000n\000t\000a\000c\000t\000\040\000I\000n\000f\000o\000r\000m\000a\000t\000i\000o\000n}{chapter.1}% 13
\BOOKMARK [1][-]{section.1.8}{\376\377\0001\000.\0008\000\040\000C\000o\000p\000y\000r\000i\000g\000h\000t\000\040\000\046\000\040\000L\000i\000c\000e\000n\000s\000e\000\040\000N\000o\000t\000i\000c\000e}{chapter.1}% 14
\BOOKMARK [0][-]{chapter.2}{\376\377\0002\000\040\000M\000o\000d\000u\000l\000e\000\040\000D\000o\000c\000u\000m\000e\000n\000t\000a\000t\000i\000o\000n}{}% 15
\BOOKMARK [1][-]{section.2.1}{\376\377\0002\000.\0001\000\040\000F\000u\000n\000c\000t\000i\000o\000n\000s\000\040\000f\000o\000r\000\040\000u\000s\000i\000n\000g\000\040\000t\000h\000e\000\040\000S\000L\000I\000M\000\040\000l\000i\000b\000r\000a\000r\000y}{chapter.2}% 16
\BOOKMARK [2][-]{subsection.2.1.1}{\376\377\0002\000.\0001\000.\0001\000\040\000D\000e\000t\000a\000i\000l\000e\000d\000\040\000D\000e\000s\000c\000r\000i\000p\000t\000i\000o\000n}{section.2.1}% 17
\BOOKMARK [2][-]{subsection.2.1.2}{\376\377\0002\000.\0001\000.\0002\000\040\000D\000e\000t\000a\000i\000l\000e\000d\000\040\000D\000e\000s\000c\000r\000i\000p\000t\000i\000o\000n}{section.2.1}% 18
\BOOKMARK [2][-]{subsection.2.1.3}{\376\377\0002\000.\0001\000.\0003\000\040\000F\000u\000n\000c\000t\000i\000o\000n\000\040\000D\000o\000c\000u\000m\000e\000n\000t\000a\000t\000i\000o\000n}{section.2.1}% 19
\BOOKMARK [3][-]{subsubsection.2.1.3.1}{\376\377\0002\000.\0001\000.\0003\000.\0001\000\040\000S\000L\000I\000M\000\137\000L\000e\000a\000r\000n\000\050\000\051}{subsection.2.1.3}% 20
\BOOKMARK [3][-]{subsubsection.2.1.3.2}{\376\377\0002\000.\0001\000.\0003\000.\0002\000\040\000S\000L\000I\000M\000\137\000G\000e\000t\000T\000o\000p\000N\000\050\000\051}{subsection.2.1.3}% 21
\BOOKMARK [3][-]{subsubsection.2.1.3.3}{\376\377\0002\000.\0001\000.\0003\000.\0003\000\040\000S\000L\000I\000M\000\137\000i\000S\000e\000t\000D\000e\000f\000a\000u\000l\000t\000s\000\050\000\051}{subsection.2.1.3}% 22
\BOOKMARK [3][-]{subsubsection.2.1.3.4}{\376\377\0002\000.\0001\000.\0003\000.\0004\000\040\000S\000L\000I\000M\000\137\000d\000S\000e\000t\000D\000e\000f\000a\000u\000l\000t\000s\000\050\000\051}{subsection.2.1.3}% 23
\BOOKMARK [3][-]{subsubsection.2.1.3.5}{\376\377\0002\000.\0001\000.\0003\000.\0005\000\040\000S\000L\000I\000M\000\137\000W\000r\000i\000t\000e\000M\000o\000d\000e\000l\000\050\000\051}{subsection.2.1.3}% 24
\BOOKMARK [3][-]{subsubsection.2.1.3.6}{\376\377\0002\000.\0001\000.\0003\000.\0006\000\040\000S\000L\000I\000M\000\137\000R\000e\000a\000d\000M\000o\000d\000e\000l\000\050\000\051}{subsection.2.1.3}% 25
\BOOKMARK [3][-]{subsubsection.2.1.3.7}{\376\377\0002\000.\0001\000.\0003\000.\0007\000\040\000S\000L\000I\000M\000\137\000F\000r\000e\000e\000M\000o\000d\000e\000l\000\050\000\051}{subsection.2.1.3}% 26
\BOOKMARK [0][-]{chapter*.3}{\376\377\000B\000i\000b\000l\000i\000o\000g\000r\000a\000p\000h\000y}{}% 27
\BOOKMARK [0][-]{section*.4}{\376\377\000I\000n\000d\000e\000x}{}% 28
